<?xml version="1.0" encoding="UTF-8"?>
<testsuite xmlns:xsi="http://www.w3.org/2001/XMLSchema-instance" xsi:noNamespaceSchemaLocation="https://maven.apache.org/surefire/maven-surefire-plugin/xsd/surefire-test-report-3.0.xsd" version="3.0" name="dit.group.DitSupBot.DitSupBotApplicationTests" time="2.08" tests="1" errors="0" skipped="0" failures="0">
  <properties>
[...]
</properties>
  <testcase name="contextLoads" classname="dit.group.DitSupBot.DitSupBotApplicationTests" time="0.465">
    <system-out><![CDATA[17:50:48.222 [main] INFO org.springframework.test.context.support.AnnotationConfigContextLoaderUtils -- Could not detect default configuration classes for test class [dit.group.DitSupBot.DitSupBotApplicationTests]: DitSupBotApplicationTests does not declare any static, non-private, non-final, nested classes annotated with @Configuration.
17:50:48.283 [main] INFO org.springframework.boot.test.context.SpringBootTestContextBootstrapper -- Found @SpringBootConfiguration dit.group.DitSupBot.DitSupBotApplication for test class dit.group.DitSupBot.DitSupBotApplicationTests

  .   ____          _            __ _ _
 /\\ / ___'_ __ _ _(_)_ __  __ _ \ \ \ \
( ( )\___ | '_ | '_| | '_ \/ _` | \ \ \ \
 \\/  ___)| |_)| | | | | || (_| |  ) ) ) )
  '  |____| .__|_| |_|_| |_\__, | / / / /
 =========|_|==============|___/=/_/_/_/
 :: Spring Boot ::                (v3.2.5)

2024-04-23T17:50:48.589+07:00  INFO 2004 --- [DitSupBot] [           main] d.g.DitSupBot.DitSupBotApplicationTests  : Starting DitSupBotApplicationTests using Java 22.0.1 with PID 2004 (started by bebra in G:\DITBot\DitSupBot_\DitSupBot)
2024-04-23T17:50:48.590+07:00  INFO 2004 --- [DitSupBot] [           main] d.g.DitSupBot.DitSupBotApplicationTests  : No active profile set, falling back to 1 default profile: "default"
2024-04-23T17:50:49.721+07:00  INFO 2004 --- [DitSupBot] [           main] d.g.DitSupBot.DitSupBotApplicationTests  : Started DitSupBotApplicationTests in 1.347 seconds (process running for 1.948)
]]></system-out>
    <system-err><![CDATA[WARNING: A Java agent has been loaded dynamically (C:\Users\bebra\.m2\repository\net\bytebuddy\byte-buddy-agent\1.14.13\byte-buddy-agent-1.14.13.jar)
WARNING: If a serviceability tool is in use, please run with -XX:+EnableDynamicAgentLoading to hide this warning
WARNING: If a serviceability tool is not in use, please run with -Djdk.instrument.traceUsage for more information
WARNING: Dynamic loading of agents will be disallowed by default in a future release
]]></system-err>
  </testcase>
</testsuite>